2021-05-17 13:21:58  INFO model.User:93 User, Mustafa has been created
2021-05-24 11:52:54  INFO model.Account:83 Account, 0 has been created with starting balance, 100.0
2021-05-24 14:01:33  INFO model.Transactions:99 $2.0 has been withdrawn from account 19
2021-05-24 14:07:32  INFO model.Transactions:99 $1.0 has been withdrawn from account 19
2021-05-24 14:16:56  INFO model.Transactions:130 $1.0 has been deposited into account 19
2021-05-24 14:18:17  INFO model.Transactions:130 $2.0 has been deposited into account 19
2021-05-24 14:18:43  INFO model.Transactions:126 $5.0 has been withdrawn from account 12
2021-05-24 15:07:00  INFO model.Account:173 Account 17 has been approved.
2021-05-24 15:11:00  INFO model.Account:177 Account 17 has been rejected.
2021-05-24 17:28:09  INFO model.Transactions:194 $5.0 transfered from account 16 to account 12
2021-05-24 17:29:30  INFO model.Transactions:194 $2.0 transfered from account 19 to account 13
2021-05-24 17:34:03  INFO model.Transactions:194 $2.0 transfered from account 19 to account 13
2021-05-24 17:56:18  INFO model.Account:257 Account, -1 has been created with starting balance, 500.0
2021-05-24 17:59:09  INFO model.Account:257 Account -1 has been created with starting balance 250.0
2021-05-24 18:02:53  INFO model.Account:258 Account 22 has been created with starting balance 1000.0
2021-05-24 18:16:35  INFO model.Transactions:194 $5.0 transfered from account 12 to account 22
2021-05-24 18:21:05  INFO model.Transactions:194 $5.0 transfered from account 12 to account 16
2021-05-24 19:34:35  INFO model.Account:287 Account 22 has been approved.
2021-05-24 19:39:42  INFO model.Transactions:189 $1000000.0 has been deposited into account 22
2021-05-25 09:59:50  INFO model.Account:283 Account 23 has been created with starting balance 700.0
2021-05-25 10:07:19  INFO model.Transactions:194 $50.0 transfered from account 12 to account 22
2021-05-25 11:53:34  INFO model.Transactions:162 $5.0 transfered from account 16 to account 12
2021-05-25 12:10:59  INFO model.User:91 User, ScottEvil has been created
2021-05-25 12:48:06  INFO model.Account:221 Account 24 has been created with starting balance 600.0
2021-05-25 12:51:00  INFO model.Transactions:162 $6.0 transfered from account 12 to account 22
2021-05-25 12:52:43  INFO model.Transactions:157 $500.0 has been deposited into account 16
2021-05-25 12:53:45  INFO model.Account:225 Account 24 has been approved.
2021-05-25 12:57:30  INFO model.User:68 User, MiniMe has been created
2021-05-25 14:06:13  INFO model.Account:53 Account 25 has been created with starting balance 10.0
2021-05-25 14:06:48  INFO model.Transactions:162 $5.0 has been deposited into account 16
2021-05-25 14:07:34  INFO model.Transactions:158 $10.0 has been withdrawn from account 16
2021-05-25 14:09:38  INFO model.Account:57 Account 21 has been approved.
2021-05-25 14:10:51  INFO model.Transactions:167 $5.0 transfered from account 24 to account 12
2021-05-25 14:21:43  INFO model.Account:57 Account 1 has been approved.
2021-05-25 14:32:56  INFO model.Account:53 Account 26 has been created with starting balance 50.0
2021-05-25 14:34:33  INFO model.Transactions:167 $5.0 transfered from account 12 to account 24
2021-05-25 14:37:08  INFO model.Transactions:162 $5.0 has been deposited into account 12
2021-05-25 14:39:02  INFO model.Account:61 Account 14 has been rejected.
2021-05-25 14:40:18  INFO model.Account:61 Account 1 has been rejected.
2021-05-25 14:40:32  INFO model.Account:57 Account 1 has been approved.
2021-05-25 14:55:24  INFO model.Transactions:167 $10.0 transfered from account 16 to account 16
2021-05-25 14:59:11  INFO model.Transactions:167 $1.0 transfered from account 16 to account 22
2021-05-25 15:06:03  INFO model.Transactions:158 $50.0 has been withdrawn from account 16
2021-05-25 15:46:43  INFO model.User:68 User, Number2 has been created
2021-05-25 16:24:47  INFO model.Account:62 Account 16 has been approved.
2021-05-25 19:08:49  INFO model.Transactions:87 User1has posted a transfer of $100.0 from account 12 to 21
2021-05-25 20:24:21  INFO model.Transactions:101 User 1 has posted a transfer of $10.0 from account 12 to 21
2021-05-25 20:24:47  INFO model.Transactions:96 $10.0 transfered from account 12 to account 21
2021-05-25 20:34:48  INFO model.Transactions:101 User 1 has posted a transfer of $5.0 from account 12 to 16
2021-05-25 20:35:07  INFO model.Transactions:101 User 1 has posted a transfer of $50.0 from account 16 to 12
2021-05-25 20:39:23  INFO model.Transactions:106 Transaction 4 was rejected
2021-05-25 20:40:27  INFO model.Transactions:106 Transaction 5 was rejected
2021-05-25 20:46:14  INFO model.Transactions:101 User 1 has posted a transfer of $50.0 from account 12 to 16
2021-05-25 20:56:50  INFO model.Transactions:96 $50.0 transfered from account 12 to account 16
2021-05-25 20:56:50  INFO model.Transactions:110 Transaction 6 was accepted
2021-05-25 20:58:25  INFO model.Transactions:101 User 1 has posted a transfer of $50.0 from account 19 to 20
2021-05-25 21:01:20  INFO model.Transactions:101 User 1 has posted a transfer of $100000.0 from account 12 to 16
2021-05-25 21:39:15  INFO model.Transactions:101 User 1 has posted a transfer of $15.0 from account 16 to 19
2021-05-25 21:39:26  INFO model.Transactions:101 User 1 has posted a transfer of $10.0 from account 19 to 16
2021-05-25 21:40:03  INFO model.Transactions:101 User 1 has posted a transfer of $100.0 from account 16 to 16
2021-05-25 21:41:12  INFO model.Transactions:101 User 1 has posted a transfer of $18.0 from account 16 to 24
2021-05-25 21:53:45  INFO model.Transactions:101 User 1 has posted a transfer of $100000.0 from account 16 to 24
2021-05-25 21:55:11  INFO model.Transactions:101 User 1 has posted a transfer of $1.0E7 from account 16 to 24
2021-05-25 21:56:53  INFO model.Transactions:96 $100000.0 transfered from account 16 to account 24
2021-05-25 21:56:53  INFO model.Transactions:110 Transaction 13 was accepted
2021-05-25 22:15:37  INFO model.Account:62 Account 23 has been approved.
2021-05-25 22:28:19  INFO model.Account:58 Account 35 has been created with starting balance 500.0
2021-05-25 22:28:36  INFO model.Transactions:101 User 1 has posted a transfer of $25.0 from account 12 to 16
2021-05-25 22:28:45  INFO model.Transactions:101 User 1 has posted a transfer of $30.0 from account 12 to 16
2021-05-25 22:29:31  INFO model.Transactions:106 Transaction 15 was rejected
2021-05-25 22:30:10  INFO model.Transactions:96 $30.0 transfered from account 12 to account 16
2021-05-25 22:30:10  INFO model.Transactions:110 Transaction 16 was accepted
2021-05-25 22:32:28  INFO model.Transactions:87 $2.0 has been withdrawn from account 12
